<?xml version="1.0" encoding="UTF-8"?>
<testsuite name="design_patterns.ChainOfResponsibilityTest" tests="1" skipped="0" failures="0" errors="0" timestamp="2021-07-18T08:06:07" hostname="zeecoders-MacBook-Pro.local" time="253.676">
  <properties/>
  <testcase name="Chain Of Responsibility()" classname="design_patterns.ChainOfResponsibilityTest" time="253.676"/>
  <system-out><![CDATA[Headers with Authentication:
Authorization: Bearer 123456
ContentType: json
Body:
{
"username"="dbacinski"
}
Headers:
ContentType: json
Body:
{
"username"="dbacinski"
}
]]></system-out>
  <system-err><![CDATA[]]></system-err>
</testsuite>
